execve("./hello", ["./hello"], 0x7ffd268e45b8 /* 33 vars */) = 0 <0.000102>
brk(NULL)                               = 0x563039184000 <0.000003>
access("/etc/ld.so.nohwcap", F_OK)      = -1 ENOENT (No such file or directory) <0.000006>
access("/etc/ld.so.preload", R_OK)      = -1 ENOENT (No such file or directory) <0.000005>
openat(AT_FDCWD, "/etc/ld.so.cache", O_RDONLY|O_CLOEXEC) = 3 <0.000007>
fstat(3, {st_mode=S_IFREG|0644, st_size=27302, ...}) = 0 <0.000005>
mmap(NULL, 27302, PROT_READ, MAP_PRIVATE, 3, 0) = 0x7fc3f2225000 <0.000006>
close(3)                                = 0 <0.000004>
access("/etc/ld.so.nohwcap", F_OK)      = -1 ENOENT (No such file or directory) <0.000006>
openat(AT_FDCWD, "/lib/x86_64-linux-gnu/libc.so.6", O_RDONLY|O_CLOEXEC) = 3 <0.000006>
read(3, "\177ELF\2\1\1\3\0\0\0\0\0\0\0\0\3\0>\0\1\0\0\0\260\34\2\0\0\0\0\0"..., 832) = 832 <0.000004>
fstat(3, {st_mode=S_IFREG|0755, st_size=2030544, ...}) = 0 <0.000004>
mmap(NULL, 8192, PROT_READ|PROT_WRITE, MAP_PRIVATE|MAP_ANONYMOUS, -1, 0) = 0x7fc3f2223000 <0.000005>
mmap(NULL, 4131552, PROT_READ|PROT_EXEC, MAP_PRIVATE|MAP_DENYWRITE, 3, 0) = 0x7fc3f1c14000 <0.000005>
mprotect(0x7fc3f1dfb000, 2097152, PROT_NONE) = 0 <0.000007>
mmap(0x7fc3f1ffb000, 24576, PROT_READ|PROT_WRITE, MAP_PRIVATE|MAP_FIXED|MAP_DENYWRITE, 3, 0x1e7000) = 0x7fc3f1ffb000 <0.000008>
mmap(0x7fc3f2001000, 15072, PROT_READ|PROT_WRITE, MAP_PRIVATE|MAP_FIXED|MAP_ANONYMOUS, -1, 0) = 0x7fc3f2001000 <0.000006>
close(3)                                = 0 <0.000004>
arch_prctl(ARCH_SET_FS, 0x7fc3f22244c0) = 0 <0.000004>
mprotect(0x7fc3f1ffb000, 16384, PROT_READ) = 0 <0.000007>
mprotect(0x5630388d9000, 4096, PROT_READ) = 0 <0.000006>
mprotect(0x7fc3f222c000, 4096, PROT_READ) = 0 <0.000006>
munmap(0x7fc3f2225000, 27302)           = 0 <0.000009>
fstat(1, {st_mode=S_IFCHR|0620, st_rdev=makedev(136, 5), ...}) = 0 <0.000005>
brk(NULL)                               = 0x563039184000 <0.000005>
brk(0x5630391a5000)                     = 0x5630391a5000 <0.000006>
write(1, "hello world\n", 12)           = 12 <0.000409>
exit_group(0)                           = ?
+++ exited with 0 +++
